<?xml version="1.0" encoding="UTF-8"?>
<!-- Generated by org.testng.reporters.JUnitReportReporter -->
<testsuite name="com.epay.ls.tests.LuckyScratchTest" tests="2" time="93.723" ignored="0" failures="0" timestamp="19 Jul 2018 06:32:01 GMT" skipped="0" hostname="DESKTOP-271749J" errors="0">
  <testcase name="initiateTransactions" time="45.656" classname="com.epay.ls.tests.LuckyScratchTest"/>
  <testcase name="initiateTransactions" time="48.067" classname="com.epay.ls.tests.LuckyScratchTest"/>
</testsuite> <!-- com.epay.ls.tests.LuckyScratchTest -->
